Unity Editor version:    2020.3.18f1 (a7d1c678663c)
Branch:                  2020.3/staging
Build type:              Release
Batch mode:              YES
macOS version:           Version 11.5.2 (Build 20G95)
Darwin version:          20.6.0
Architecture:            x86_64
Running under Rosetta:   NO
Available memory:        8192 MB
Using pre-set license
Pro License: NO

COMMAND LINE ARGUMENTS:
/Applications/Unity/Hub/Editor/2020.3.18f1/Unity.app/Contents/MacOS/Unity
-adb2
-batchMode
-noUpm
-name
AssetImportWorker0
-projectPath
/Users/ellie/CAP4053-Spirits/Spirits
-logFile
Logs/AssetImportWorker0.log
-srvPort
64163
Successfully changed project path to: /Users/ellie/CAP4053-Spirits/Spirits
/Users/ellie/CAP4053-Spirits/Spirits
Using Asset Import Pipeline V2.
Default GameObject BitMask: UI already registered
Refreshing native plugins compatible for Editor in 70.65 ms, found 3 plugins.
Preloading 0 native plugins for Editor in 0.00 ms.
Initialize engine version: 2020.3.18f1 (a7d1c678663c)
[Subsystems] Discovering subsystems at path /Applications/Unity/Hub/Editor/2020.3.18f1/Unity.app/Contents/Resources/UnitySubsystems
[Subsystems] Discovering subsystems at path /Users/ellie/CAP4053-Spirits/Spirits/Assets
GfxDevice: creating device client; threaded=0
2021-12-02 10:16:32.686 Unity[17251:749733] Color LCD preferred device: Intel(R) Iris(TM) Plus Graphics 640 (low power)
2021-12-02 10:16:32.686 Unity[17251:749733] Metal devices available: 1
2021-12-02 10:16:32.686 Unity[17251:749733] 0: Intel(R) Iris(TM) Plus Graphics 640 (low power)
2021-12-02 10:16:32.687 Unity[17251:749733] Using device Intel(R) Iris(TM) Plus Graphics 640 (low power)
Initializing Metal device caps: Intel(R) Iris(TM) Plus Graphics 640
Initialize mono
Mono path[0] = '/Applications/Unity/Hub/Editor/2020.3.18f1/Unity.app/Contents/Managed'
Mono path[1] = '/Applications/Unity/Hub/Editor/2020.3.18f1/Unity.app/Contents/MonoBleedingEdge/lib/mono/unityjit'
Mono config path = '/Applications/Unity/Hub/Editor/2020.3.18f1/Unity.app/Contents/MonoBleedingEdge/etc'
Using monoOptions --debugger-agent=transport=dt_socket,embedding=1,server=y,suspend=n,address=127.0.0.1:56251
Begin MonoManager ReloadAssembly
Registering precompiled unity dll's ...
Register platform support module: /Applications/Unity/Hub/Editor/2020.3.18f1/Unity.app/Contents/PlaybackEngines/MacStandaloneSupport/UnityEditor.OSXStandalone.Extensions.dll
Registered in 0.003669 seconds.
Native extension for OSXStandalone target not found
Refreshing native plugins compatible for Editor in 59.35 ms, found 3 plugins.
Preloading 0 native plugins for Editor in 0.00 ms.
Mono: successfully reloaded assembly
- Completed reload, in  4.046 seconds
Domain Reload Profiling:
	ReloadAssembly (4046ms)
		BeginReloadAssembly (55ms)
			ExecutionOrderSort (0ms)
			DisableScriptedObjects (0ms)
			BackupInstance (0ms)
			ReleaseScriptingObjects (0ms)
			CreateAndSetChildDomain (1ms)
		EndReloadAssembly (660ms)
			LoadAssemblies (61ms)
			RebuildTransferFunctionScriptingTraits (0ms)
			SetupTypeCache (248ms)
			ReleaseScriptCaches (0ms)
			RebuildScriptCaches (57ms)
			SetupLoadedEditorAssemblies (277ms)
				LogAssemblyErrors (0ms)
				InitializePlatformSupportModulesInManaged (5ms)
				SetLoadedEditorAssemblies (0ms)
				RefreshPlugins (59ms)
				BeforeProcessingInitializeOnLoad (12ms)
				ProcessInitializeOnLoadAttributes (147ms)
				ProcessInitializeOnLoadMethodAttributes (52ms)
				AfterProcessingInitializeOnLoad (0ms)
				EditorAssembliesLoaded (0ms)
			ExecutionOrderSort2 (0ms)
			AwakeInstancesAfterBackupRestoration (0ms)
Platform modules already initialized, skipping
Registering precompiled user dll's ...
Registered in 0.036795 seconds.
Begin MonoManager ReloadAssembly
Native extension for OSXStandalone target not found
Refreshing native plugins compatible for Editor in 53.32 ms, found 3 plugins.
Preloading 0 native plugins for Editor in 0.00 ms.
Mono: successfully reloaded assembly
- Completed reload, in  1.804 seconds
Domain Reload Profiling:
	ReloadAssembly (1806ms)
		BeginReloadAssembly (183ms)
			ExecutionOrderSort (0ms)
			DisableScriptedObjects (7ms)
			BackupInstance (0ms)
			ReleaseScriptingObjects (0ms)
			CreateAndSetChildDomain (36ms)
		EndReloadAssembly (1544ms)
			LoadAssemblies (391ms)
			RebuildTransferFunctionScriptingTraits (0ms)
			SetupTypeCache (467ms)
			ReleaseScriptCaches (1ms)
			RebuildScriptCaches (90ms)
			SetupLoadedEditorAssemblies (438ms)
				LogAssemblyErrors (0ms)
				InitializePlatformSupportModulesInManaged (4ms)
				SetLoadedEditorAssemblies (0ms)
				RefreshPlugins (53ms)
				BeforeProcessingInitializeOnLoad (83ms)
				ProcessInitializeOnLoadAttributes (278ms)
				ProcessInitializeOnLoadMethodAttributes (18ms)
				AfterProcessingInitializeOnLoad (1ms)
				EditorAssembliesLoaded (0ms)
			ExecutionOrderSort2 (0ms)
			AwakeInstancesAfterBackupRestoration (8ms)
Platform modules already initialized, skipping
Validating Project structure ... 0.012368 seconds.
Shader import version has changed; will reimport all shaders...
Upgrading shader files ...0.036185 seconds.
Application.AssetDatabase Initial Script Refresh Start
RefreshInfo: InitialScriptRefreshV2(NoUpdateAssetOptions) scanfilter:  ... 1 filters
RefreshProfiler: Total: 0.000ms
Application.AssetDatabase Initial Script Refresh End
Application.AssetDatabase.Refresh Start
Application.AssetDatabase.Refresh End
RefreshInfo: StopAssetImportingV2(ForceSynchronousImport) scanfilter: 
RefreshProfiler: Total: 0.000ms
Launching external process: /Applications/Unity/Hub/Editor/2020.3.18f1/Unity.app/Contents/Tools/UnityShaderCompiler
Launched and connected shader compiler UnityShaderCompiler after 0.05 seconds
Initializing Unity extensions:
========================================================================
Worker process is ready to serve import requests
Default GameObject BitMask: UI already registered
Refreshing native plugins compatible for Editor in 0.52 ms, found 3 plugins.
Preloading 0 native plugins for Editor in 0.00 ms.
Unloading 2305 Unused Serialized files (Serialized files now loaded: 0)
System memory in use before: 214.8 MB.
System memory in use after: 214.7 MB.

Unloading 173 unused Assets to reduce memory usage. Loaded Objects now: 2801.
Total: 4.407224 ms (FindLiveObjects: 0.452808 ms CreateObjectMapping: 0.158143 ms MarkObjects: 3.551441 ms  DeleteObjects: 0.243414 ms)

AssetImportParameters requested are different than current active one (requested -> active):
  custom:video-decoder-ogg-theora: a1e56fd34408186e4bbccfd4996cb3dc -> 
  custom:container-muxer-webm: aa71ff27fc2769a1b78a27578f13a17b -> 
  custom:container-demuxer-webm: 4f35f7cbe854078d1ac9338744f61a02 -> 
  custom:container-demuxer-ogg: 62fdf1f143b41e24485cea50d1cbac27 -> 
  custom:video-encoder-webm-vp8: eb34c28f22e8b96e1ab97ce403110664 -> 
  custom:framework-osx-AVFoundation: e770b220cccbd017edd2c1fefb359320 -> 
  custom:video-decoder-webm-vp8: 9c59270c3fd7afecdb556c50c9e8de78 -> 
  custom:audio-decoder-ogg-vorbis: bf7c407c2cedff20999df2af8eb42d56 -> 
  custom:audio-encoder-webm-vorbis: bf7c407c2cedff20999df2af8eb42d56 -> 
========================================================================
Received Import Request.
  path: Assets/Scenes/TitleScreen.unity
  artifactKey: Guid(1b446d98b6dfdfa48a24bc7fd453536f) Importer(815301076,1909f56bfc062723c751e8b465ee728b)
Start importing Assets/Scenes/TitleScreen.unity using Guid(1b446d98b6dfdfa48a24bc7fd453536f) Importer(815301076,1909f56bfc062723c751e8b465ee728b)  -> (artifact id: '218e22a022a9b299262a0a8f866cfc9d') in 0.013528 seconds 
  Import took 0.019219 seconds .

========================================================================
Received Import Request.
  Time since last request: 0.001930 seconds.
  path: Assets/Scenes/TitleScreen.unity
  artifactKey: Guid(1b446d98b6dfdfa48a24bc7fd453536f) Importer(815301076,1909f56bfc062723c751e8b465ee728b)
Start importing Assets/Scenes/TitleScreen.unity using Guid(1b446d98b6dfdfa48a24bc7fd453536f) Importer(815301076,1909f56bfc062723c751e8b465ee728b)  -> (artifact id: '218e22a022a9b299262a0a8f866cfc9d') in 0.001320 seconds 
  Import took 0.007087 seconds .

========================================================================
Received Import Request.
  Time since last request: 6.671215 seconds.
  path: Assets/Prefabs/Bartender.prefab
  artifactKey: Guid(f6125eeed00522644a302c6c1a52ccc6) Importer(815301076,1909f56bfc062723c751e8b465ee728b)
Start importing Assets/Prefabs/Bartender.prefab using Guid(f6125eeed00522644a302c6c1a52ccc6) Importer(815301076,1909f56bfc062723c751e8b465ee728b)  -> (artifact id: '3c703fc93f473a9d631fa3c3794049b4') in 1.008068 seconds 
  Import took 1.013167 seconds .

========================================================================
Received Import Request.
  Time since last request: 0.003390 seconds.
  path: Assets/Prefabs/PauseMenu.prefab
  artifactKey: Guid(c0e43a47bacb547b39a1e5cffc0f796d) Importer(815301076,1909f56bfc062723c751e8b465ee728b)
Start importing Assets/Prefabs/PauseMenu.prefab using Guid(c0e43a47bacb547b39a1e5cffc0f796d) Importer(815301076,1909f56bfc062723c751e8b465ee728b)  -> (artifact id: '72ef631c42e264420f04fb28082d8d20') in 0.041888 seconds 
  Import took 0.046860 seconds .

========================================================================
Received Import Request.
  Time since last request: 0.000320 seconds.
  path: Assets/Prefabs/EnemySkelton.prefab
  artifactKey: Guid(60d6fefcc153ad541b0bc80078f65546) Importer(815301076,1909f56bfc062723c751e8b465ee728b)
Start importing Assets/Prefabs/EnemySkelton.prefab using Guid(60d6fefcc153ad541b0bc80078f65546) Importer(815301076,1909f56bfc062723c751e8b465ee728b)  -> (artifact id: '99372eb146ce8ca3857d3a98c90fabf3') in 0.047373 seconds 
  Import took 0.052403 seconds .

========================================================================
Received Import Request.
  Time since last request: 0.000254 seconds.
  path: Assets/Prefabs/Canvas.prefab
  artifactKey: Guid(49fa2f536acc15c4facec4b75067fc7e) Importer(815301076,1909f56bfc062723c751e8b465ee728b)
Start importing Assets/Prefabs/Canvas.prefab using Guid(49fa2f536acc15c4facec4b75067fc7e) Importer(815301076,1909f56bfc062723c751e8b465ee728b)  -> (artifact id: 'cf535c3a13a340fe190639eeda1a6472') in 0.042187 seconds 
  Import took 0.047655 seconds .

========================================================================
Received Import Request.
  Time since last request: 0.000230 seconds.
  path: Assets/Prefabs/EnemySpawn.prefab
  artifactKey: Guid(a07ed7afa9606c24db037ed8fb35d2ae) Importer(815301076,1909f56bfc062723c751e8b465ee728b)
Start importing Assets/Prefabs/EnemySpawn.prefab using Guid(a07ed7afa9606c24db037ed8fb35d2ae) Importer(815301076,1909f56bfc062723c751e8b465ee728b)  -> (artifact id: 'c313ac17bf3e9873d4902d2899c7c25d') in 0.004572 seconds 
  Import took 0.008062 seconds .

========================================================================
Received Import Request.
  Time since last request: 0.000247 seconds.
  path: Assets/Prefabs/RecipeTwo.prefab
  artifactKey: Guid(c7c281bc86d274e4d9daf71ade32c48d) Importer(815301076,1909f56bfc062723c751e8b465ee728b)
Start importing Assets/Prefabs/RecipeTwo.prefab using Guid(c7c281bc86d274e4d9daf71ade32c48d) Importer(815301076,1909f56bfc062723c751e8b465ee728b)  -> (artifact id: 'df6e9be530f06fe7ee7fa5f10085dacb') in 0.003814 seconds 
  Import took 0.006941 seconds .

========================================================================
Received Import Request.
  Time since last request: 0.000242 seconds.
  path: Assets/Prefabs/EvilWizard.prefab
  artifactKey: Guid(ffbb2160cda282c44a186665bf85daf4) Importer(815301076,1909f56bfc062723c751e8b465ee728b)
Start importing Assets/Prefabs/EvilWizard.prefab using Guid(ffbb2160cda282c44a186665bf85daf4) Importer(815301076,1909f56bfc062723c751e8b465ee728b)  -> (artifact id: '1d8242f544a46ddeecf30268f97ed993') in 0.045620 seconds 
  Import took 0.049864 seconds .

========================================================================
Received Import Request.
  Time since last request: 0.000343 seconds.
  path: Assets/Prefabs/RecipeSix.prefab
  artifactKey: Guid(91af8c818ba305444b32e6769f32dd9a) Importer(815301076,1909f56bfc062723c751e8b465ee728b)
Start importing Assets/Prefabs/RecipeSix.prefab using Guid(91af8c818ba305444b32e6769f32dd9a) Importer(815301076,1909f56bfc062723c751e8b465ee728b)  -> (artifact id: '0a9cf79ee4e6fcc7d9697b2936dec2e8') in 0.023296 seconds 
  Import took 0.028482 seconds .

========================================================================
Received Import Request.
  Time since last request: 0.000271 seconds.
  path: Assets/Prefabs/GroceryItem.prefab
  artifactKey: Guid(047c31c1418e6024bacb99c1bd8752e7) Importer(815301076,1909f56bfc062723c751e8b465ee728b)
Start importing Assets/Prefabs/GroceryItem.prefab using Guid(047c31c1418e6024bacb99c1bd8752e7) Importer(815301076,1909f56bfc062723c751e8b465ee728b)  -> (artifact id: '2cce0ead20d0d8241dfcc391e9e5a448') in 0.004429 seconds 
  Import took 0.010191 seconds .

========================================================================
Received Import Request.
  Time since last request: 0.000229 seconds.
  path: Assets/Prefabs/MushroomEnemy.prefab
  artifactKey: Guid(54dfcccd5ff1d674d8ad02d6082995f7) Importer(815301076,1909f56bfc062723c751e8b465ee728b)
Start importing Assets/Prefabs/MushroomEnemy.prefab using Guid(54dfcccd5ff1d674d8ad02d6082995f7) Importer(815301076,1909f56bfc062723c751e8b465ee728b)  -> (artifact id: 'b64a0eb9cdf3102a897b81eb4a54eac6') in 0.029221 seconds 
  Import took 0.034199 seconds .

========================================================================
Received Import Request.
  Time since last request: 0.015500 seconds.
  path: Assets/Prefabs/RecipeFour.prefab
  artifactKey: Guid(01b1ffb6cd12b304eac131d94c04db57) Importer(815301076,1909f56bfc062723c751e8b465ee728b)
Start importing Assets/Prefabs/RecipeFour.prefab using Guid(01b1ffb6cd12b304eac131d94c04db57) Importer(815301076,1909f56bfc062723c751e8b465ee728b)  -> (artifact id: '202734eb288d0ea999d8a5eb287cc512') in 0.005468 seconds 
  Import took 0.010214 seconds .

========================================================================
Received Import Request.
  Time since last request: 0.000400 seconds.
  path: Assets/Prefabs/Cellar.prefab
  artifactKey: Guid(6fcf30a70fc9c874fbec4f90db3d37a5) Importer(815301076,1909f56bfc062723c751e8b465ee728b)
Start importing Assets/Prefabs/Cellar.prefab using Guid(6fcf30a70fc9c874fbec4f90db3d37a5) Importer(815301076,1909f56bfc062723c751e8b465ee728b)  -> (artifact id: 'e1624ce98229374f4c1b530a8cb4bb0d') in 0.033548 seconds 
  Import took 0.037869 seconds .

========================================================================
Received Import Request.
  Time since last request: 0.000252 seconds.
  path: Assets/Prefabs/Enemy.prefab
  artifactKey: Guid(dbdee6480c4c0a34892a61d962b04ff1) Importer(815301076,1909f56bfc062723c751e8b465ee728b)
Start importing Assets/Prefabs/Enemy.prefab using Guid(dbdee6480c4c0a34892a61d962b04ff1) Importer(815301076,1909f56bfc062723c751e8b465ee728b)  -> (artifact id: '001ae8addec4250e14a0110266a5e9c3') in 0.024951 seconds 
  Import took 0.029478 seconds .

========================================================================
Received Import Request.
  Time since last request: 0.000235 seconds.
  path: Assets/Prefabs/RecipeThree.prefab
  artifactKey: Guid(9b40a2c0b27d81d4f8f531a3103d416c) Importer(815301076,1909f56bfc062723c751e8b465ee728b)
Start importing Assets/Prefabs/RecipeThree.prefab using Guid(9b40a2c0b27d81d4f8f531a3103d416c) Importer(815301076,1909f56bfc062723c751e8b465ee728b)  -> (artifact id: '6a2b3640f60711a3b80b3a2bcdf7bfeb') in 0.022110 seconds 
  Import took 0.026330 seconds .

========================================================================
Received Import Request.
  Time since last request: 0.000266 seconds.
  path: Assets/Prefabs/Scale.prefab
  artifactKey: Guid(a39775e0e58a0cc4d8b8c56c92d0b7df) Importer(815301076,1909f56bfc062723c751e8b465ee728b)
Start importing Assets/Prefabs/Scale.prefab using Guid(a39775e0e58a0cc4d8b8c56c92d0b7df) Importer(815301076,1909f56bfc062723c751e8b465ee728b)  -> (artifact id: '1fd4ebd364ca3e3142cb333810201ddf') in 0.005681 seconds 
  Import took 0.010147 seconds .

========================================================================
Received Import Request.
  Time since last request: 0.000236 seconds.
  path: Assets/Prefabs/EnemyFlyingEye.prefab
  artifactKey: Guid(5195655781caf3e479490051d76515a6) Importer(815301076,1909f56bfc062723c751e8b465ee728b)
Start importing Assets/Prefabs/EnemyFlyingEye.prefab using Guid(5195655781caf3e479490051d76515a6) Importer(815301076,1909f56bfc062723c751e8b465ee728b)  -> (artifact id: '15d8fead8c14b6426bd7cf8c3beee3b0') in 0.027306 seconds 
  Import took 0.031729 seconds .

========================================================================
Received Import Request.
  Time since last request: 0.000232 seconds.
  path: Assets/Prefabs/RecipeOne.prefab
  artifactKey: Guid(e689a44db7bcba54d947471efd5a9fa4) Importer(815301076,1909f56bfc062723c751e8b465ee728b)
Start importing Assets/Prefabs/RecipeOne.prefab using Guid(e689a44db7bcba54d947471efd5a9fa4) Importer(815301076,1909f56bfc062723c751e8b465ee728b)  -> (artifact id: '65dfd2c36fccb09c66b7b6e8b3606dcd') in 0.006818 seconds 
  Import took 0.012333 seconds .

========================================================================
Received Import Request.
  Time since last request: 0.000354 seconds.
  path: Assets/Prefabs/ZombieMonk.prefab
  artifactKey: Guid(6e265b76ffd632041bb7ee65e7fdd1cc) Importer(815301076,1909f56bfc062723c751e8b465ee728b)
Start importing Assets/Prefabs/ZombieMonk.prefab using Guid(6e265b76ffd632041bb7ee65e7fdd1cc) Importer(815301076,1909f56bfc062723c751e8b465ee728b)  -> (artifact id: 'd34454275a52babb174bf7fc67cc2632') in 0.019645 seconds 
  Import took 0.024697 seconds .

========================================================================
Received Import Request.
  Time since last request: 0.000261 seconds.
  path: Assets/Prefabs/Test Bottle.prefab
  artifactKey: Guid(123d3805fd61e724bbd0fca19cf5a08e) Importer(815301076,1909f56bfc062723c751e8b465ee728b)
Start importing Assets/Prefabs/Test Bottle.prefab using Guid(123d3805fd61e724bbd0fca19cf5a08e) Importer(815301076,1909f56bfc062723c751e8b465ee728b)  -> (artifact id: 'ea1850567273316edfe4ccfd97fee039') in 0.007931 seconds 
  Import took 0.011600 seconds .

========================================================================
Received Import Request.
  Time since last request: 0.000247 seconds.
  path: Assets/Prefabs/Recipe.prefab
  artifactKey: Guid(1427fba48efccb44f92947505959279b) Importer(815301076,1909f56bfc062723c751e8b465ee728b)
Start importing Assets/Prefabs/Recipe.prefab using Guid(1427fba48efccb44f92947505959279b) Importer(815301076,1909f56bfc062723c751e8b465ee728b)  -> (artifact id: '4841e46b2eb9eecda27670da5c0e6c60') in 0.003518 seconds 
  Import took 0.007764 seconds .

========================================================================
Received Import Request.
  Time since last request: 0.000232 seconds.
  path: Assets/Prefabs/RecipeFive.prefab
  artifactKey: Guid(21e9b6f65e4dcc34c90202cc608e0dd3) Importer(815301076,1909f56bfc062723c751e8b465ee728b)
Start importing Assets/Prefabs/RecipeFive.prefab using Guid(21e9b6f65e4dcc34c90202cc608e0dd3) Importer(815301076,1909f56bfc062723c751e8b465ee728b)  -> (artifact id: '3d0016c4c4017f179f21c32534d1d988') in 0.003984 seconds 
  Import took 0.007308 seconds .

========================================================================
Received Import Request.
  Time since last request: 0.000247 seconds.
  path: Assets/Prefabs/GoblinEnemy.prefab
  artifactKey: Guid(a4bb440c300b65f4482f26030cd52358) Importer(815301076,1909f56bfc062723c751e8b465ee728b)
Start importing Assets/Prefabs/GoblinEnemy.prefab using Guid(a4bb440c300b65f4482f26030cd52358) Importer(815301076,1909f56bfc062723c751e8b465ee728b)  -> (artifact id: '00ef5185aea7b76b0095689446429e88') in 0.014519 seconds 
  Import took 0.018432 seconds .

========================================================================
Received Import Request.
  Time since last request: 0.000253 seconds.
  path: Assets/Prefabs/StringListBox.prefab
  artifactKey: Guid(b6111a566c4706840b4ff8492252d1d5) Importer(815301076,1909f56bfc062723c751e8b465ee728b)
Start importing Assets/Prefabs/StringListBox.prefab using Guid(b6111a566c4706840b4ff8492252d1d5) Importer(815301076,1909f56bfc062723c751e8b465ee728b)  -> (artifact id: '6e252e2f51bc4fa1e11000f2cb6a5b44') in 0.008635 seconds 
  Import took 0.012245 seconds .

========================================================================
Received Prepare
Default GameObject BitMask: UI already registered
Registering precompiled user dll's ...
Registered in 0.009008 seconds.
Begin MonoManager ReloadAssembly
Native extension for OSXStandalone target not found
Refreshing native plugins compatible for Editor in 0.61 ms, found 3 plugins.
Preloading 0 native plugins for Editor in 0.00 ms.
Mono: successfully reloaded assembly
- Completed reload, in  1.688 seconds
Domain Reload Profiling:
	ReloadAssembly (1688ms)
		BeginReloadAssembly (155ms)
			ExecutionOrderSort (0ms)
			DisableScriptedObjects (7ms)
			BackupInstance (0ms)
			ReleaseScriptingObjects (0ms)
			CreateAndSetChildDomain (78ms)
		EndReloadAssembly (1446ms)
			LoadAssemblies (152ms)
			RebuildTransferFunctionScriptingTraits (0ms)
			SetupTypeCache (503ms)
			ReleaseScriptCaches (2ms)
			RebuildScriptCaches (88ms)
			SetupLoadedEditorAssemblies (446ms)
				LogAssemblyErrors (0ms)
				InitializePlatformSupportModulesInManaged (6ms)
				SetLoadedEditorAssemblies (1ms)
				RefreshPlugins (1ms)
				BeforeProcessingInitializeOnLoad (133ms)
				ProcessInitializeOnLoadAttributes (296ms)
				ProcessInitializeOnLoadMethodAttributes (7ms)
				AfterProcessingInitializeOnLoad (1ms)
				EditorAssembliesLoaded (0ms)
			ExecutionOrderSort2 (0ms)
			AwakeInstancesAfterBackupRestoration (13ms)
Platform modules already initialized, skipping
Refreshing native plugins compatible for Editor in 0.87 ms, found 3 plugins.
Preloading 0 native plugins for Editor in 0.00 ms.
Unloading 2277 Unused Serialized files (Serialized files now loaded: 0)
System memory in use before: 216.2 MB.
System memory in use after: 216.4 MB.

Unloading 20 unused Assets to reduce memory usage. Loaded Objects now: 2813.
Total: 4.149650 ms (FindLiveObjects: 0.249867 ms CreateObjectMapping: 0.105602 ms MarkObjects: 3.765035 ms  DeleteObjects: 0.027832 ms)

AssetImportParameters requested are different than current active one (requested -> active):
  custom:video-decoder-ogg-theora: a1e56fd34408186e4bbccfd4996cb3dc -> 
  custom:container-muxer-webm: aa71ff27fc2769a1b78a27578f13a17b -> 
  custom:container-demuxer-webm: 4f35f7cbe854078d1ac9338744f61a02 -> 
  custom:container-demuxer-ogg: 62fdf1f143b41e24485cea50d1cbac27 -> 
  custom:video-encoder-webm-vp8: eb34c28f22e8b96e1ab97ce403110664 -> 
  custom:framework-osx-AVFoundation: e770b220cccbd017edd2c1fefb359320 -> 
  custom:video-decoder-webm-vp8: 9c59270c3fd7afecdb556c50c9e8de78 -> 
  custom:audio-decoder-ogg-vorbis: bf7c407c2cedff20999df2af8eb42d56 -> 
  custom:audio-encoder-webm-vorbis: bf7c407c2cedff20999df2af8eb42d56 -> 
========================================================================
Received Import Request.
  Time since last request: 10.714479 seconds.
  path: Assets/Prefabs/Bartender.prefab
  artifactKey: Guid(f6125eeed00522644a302c6c1a52ccc6) Importer(815301076,1909f56bfc062723c751e8b465ee728b)
Start importing Assets/Prefabs/Bartender.prefab using Guid(f6125eeed00522644a302c6c1a52ccc6) Importer(815301076,1909f56bfc062723c751e8b465ee728b)  -> (artifact id: '812c5573f9946a78c732e09584d5b2b9') in 0.079976 seconds 
  Import took 0.085865 seconds .

========================================================================
Received Import Request.
  Time since last request: 3.702720 seconds.
  path: Assets/Audio
  artifactKey: Guid(2dffec0188f680a4b808ce72c665e9ef) Importer(815301076,1909f56bfc062723c751e8b465ee728b)
Start importing Assets/Audio using Guid(2dffec0188f680a4b808ce72c665e9ef) Importer(815301076,1909f56bfc062723c751e8b465ee728b)  -> (artifact id: '1eedeeb987288db66fcdd1cc12542f9f') in 0.002500 seconds 
  Import took 0.007740 seconds .

========================================================================
Received Import Request.
  Time since last request: 1.058942 seconds.
  path: Assets/Audio/SFX
  artifactKey: Guid(1d700343b54db2b4bb14fce9213a64bb) Importer(815301076,1909f56bfc062723c751e8b465ee728b)
Start importing Assets/Audio/SFX using Guid(1d700343b54db2b4bb14fce9213a64bb) Importer(815301076,1909f56bfc062723c751e8b465ee728b)  -> (artifact id: 'a96195564a3a55834a09306b768403fb') in 0.002162 seconds 
  Import took 0.008137 seconds .

========================================================================
Received Import Request.
  Time since last request: 0.000393 seconds.
  path: Assets/Audio/SFX
  artifactKey: Guid(1d700343b54db2b4bb14fce9213a64bb) Importer(815301076,1909f56bfc062723c751e8b465ee728b)
Start importing Assets/Audio/SFX using Guid(1d700343b54db2b4bb14fce9213a64bb) Importer(815301076,1909f56bfc062723c751e8b465ee728b)  -> (artifact id: 'a96195564a3a55834a09306b768403fb') in 0.001076 seconds 
  Import took 0.006721 seconds .

========================================================================
Received Import Request.
  Time since last request: 0.108489 seconds.
  path: Assets/Audio/SFX/hit02.mp3.flac
  artifactKey: Guid(6ddfb14cd184c49ad9741b2863e17a81) Importer(815301076,1909f56bfc062723c751e8b465ee728b)
Start importing Assets/Audio/SFX/hit02.mp3.flac using Guid(6ddfb14cd184c49ad9741b2863e17a81) Importer(815301076,1909f56bfc062723c751e8b465ee728b)  -> (artifact id: '0b45fab5be16db9b646948998ca1bd39') in 1.174743 seconds 
  Import took 1.180248 seconds .

========================================================================
Received Import Request.
  Time since last request: 0.007927 seconds.
  path: Assets/Audio/SFX/spell.ogg
  artifactKey: Guid(f8100a446de034be9b275cb5795764e3) Importer(815301076,1909f56bfc062723c751e8b465ee728b)
Start importing Assets/Audio/SFX/spell.ogg using Guid(f8100a446de034be9b275cb5795764e3) Importer(815301076,1909f56bfc062723c751e8b465ee728b)  -> (artifact id: '501d9e9513a8c4b076635b5408a6d234') in 0.560312 seconds 
  Import took 0.567862 seconds .

========================================================================
Received Import Request.
  Time since last request: 0.668743 seconds.
  path: Assets/Audio/SFX/Bottle Break.wav
  artifactKey: Guid(ab8ade88e170a40f6898965d65046419) Importer(815301076,1909f56bfc062723c751e8b465ee728b)
Start importing Assets/Audio/SFX/Bottle Break.wav using Guid(ab8ade88e170a40f6898965d65046419) Importer(815301076,1909f56bfc062723c751e8b465ee728b)  -> (artifact id: '403af9765b92dddc140289ec0da3ff66') in 1.466574 seconds 
  Import took 1.473340 seconds .

========================================================================
Received Import Request.
  Time since last request: 24.030286 seconds.
  path: Assets/Audio/Music/forestaudio.mp3
  artifactKey: Guid(87099fdc6c86f45b1bb723d822aef83c) Importer(815301076,1909f56bfc062723c751e8b465ee728b)
Start importing Assets/Audio/Music/forestaudio.mp3 using Guid(87099fdc6c86f45b1bb723d822aef83c) Importer(815301076,1909f56bfc062723c751e8b465ee728b)  -> (artifact id: '040b32d7ba9be24e576c28a2b109f553') in 1.469730 seconds 
  Import took 1.474773 seconds .

========================================================================
Received Import Request.
  Time since last request: 0.006462 seconds.
  path: Assets/Audio/Music/menuaudio.mp3
  artifactKey: Guid(58af061b38ae449f68739a20a1902def) Importer(815301076,1909f56bfc062723c751e8b465ee728b)
Start importing Assets/Audio/Music/menuaudio.mp3 using Guid(58af061b38ae449f68739a20a1902def) Importer(815301076,1909f56bfc062723c751e8b465ee728b)  -> (artifact id: 'b5a0b19ca0614689ad2f3cd429aa5d1b') in 0.026733 seconds 
  Import took 0.031883 seconds .

========================================================================
Received Import Request.
  Time since last request: 0.044575 seconds.
  path: Assets/Prefabs/Bartender.prefab
  artifactKey: Guid(f6125eeed00522644a302c6c1a52ccc6) Importer(815301076,1909f56bfc062723c751e8b465ee728b)
Start importing Assets/Prefabs/Bartender.prefab using Guid(f6125eeed00522644a302c6c1a52ccc6) Importer(815301076,1909f56bfc062723c751e8b465ee728b)  -> (artifact id: '209a524b6346d69752c8568cbf21b8db') in 0.021862 seconds 
  Import took 0.027803 seconds .

========================================================================
Received Import Request.
  Time since last request: 16.396268 seconds.
  path: Assets/Scripts/Player_Combat.cs
  artifactKey: Guid(6a4c69b5685a64c7dabca373e942569d) Importer(815301076,1909f56bfc062723c751e8b465ee728b)
Start importing Assets/Scripts/Player_Combat.cs using Guid(6a4c69b5685a64c7dabca373e942569d) Importer(815301076,1909f56bfc062723c751e8b465ee728b)  -> (artifact id: '09735cafdfdd4adcf5c5311ca87bff2b') in 1.102108 seconds 
  Import took 1.108182 seconds .

========================================================================
Received Prepare
Default GameObject BitMask: UI already registered
Registering precompiled user dll's ...
Registered in 0.003364 seconds.
Begin MonoManager ReloadAssembly
Native extension for OSXStandalone target not found
Refreshing native plugins compatible for Editor in 0.60 ms, found 3 plugins.
Preloading 0 native plugins for Editor in 0.00 ms.
Mono: successfully reloaded assembly
- Completed reload, in  1.310 seconds
Domain Reload Profiling:
	ReloadAssembly (1311ms)
		BeginReloadAssembly (152ms)
			ExecutionOrderSort (0ms)
			DisableScriptedObjects (7ms)
			BackupInstance (0ms)
			ReleaseScriptingObjects (0ms)
			CreateAndSetChildDomain (81ms)
		EndReloadAssembly (1084ms)
			LoadAssemblies (87ms)
			RebuildTransferFunctionScriptingTraits (0ms)
			SetupTypeCache (390ms)
			ReleaseScriptCaches (1ms)
			RebuildScriptCaches (61ms)
			SetupLoadedEditorAssemblies (403ms)
				LogAssemblyErrors (0ms)
				InitializePlatformSupportModulesInManaged (6ms)
				SetLoadedEditorAssemblies (1ms)
				RefreshPlugins (1ms)
				BeforeProcessingInitializeOnLoad (137ms)
				ProcessInitializeOnLoadAttributes (251ms)
				ProcessInitializeOnLoadMethodAttributes (7ms)
				AfterProcessingInitializeOnLoad (1ms)
				EditorAssembliesLoaded (0ms)
			ExecutionOrderSort2 (0ms)
			AwakeInstancesAfterBackupRestoration (13ms)
Platform modules already initialized, skipping
Refreshing native plugins compatible for Editor in 0.60 ms, found 3 plugins.
Preloading 0 native plugins for Editor in 0.00 ms.
Unloading 2277 Unused Serialized files (Serialized files now loaded: 0)
System memory in use before: 237.1 MB.
System memory in use after: 237.4 MB.

Unloading 17 unused Assets to reduce memory usage. Loaded Objects now: 2819.
Total: 3.243104 ms (FindLiveObjects: 0.239788 ms CreateObjectMapping: 0.096002 ms MarkObjects: 2.889742 ms  DeleteObjects: 0.016687 ms)

AssetImportParameters requested are different than current active one (requested -> active):
  custom:video-decoder-ogg-theora: a1e56fd34408186e4bbccfd4996cb3dc -> 
  custom:container-muxer-webm: aa71ff27fc2769a1b78a27578f13a17b -> 
  custom:container-demuxer-webm: 4f35f7cbe854078d1ac9338744f61a02 -> 
  custom:container-demuxer-ogg: 62fdf1f143b41e24485cea50d1cbac27 -> 
  custom:video-encoder-webm-vp8: eb34c28f22e8b96e1ab97ce403110664 -> 
  custom:framework-osx-AVFoundation: e770b220cccbd017edd2c1fefb359320 -> 
  custom:video-decoder-webm-vp8: 9c59270c3fd7afecdb556c50c9e8de78 -> 
  custom:audio-decoder-ogg-vorbis: bf7c407c2cedff20999df2af8eb42d56 -> 
  custom:audio-encoder-webm-vorbis: bf7c407c2cedff20999df2af8eb42d56 -> 
========================================================================
Received Prepare
Default GameObject BitMask: UI already registered
Registering precompiled user dll's ...
Registered in 0.003016 seconds.
Begin MonoManager ReloadAssembly
Native extension for OSXStandalone target not found
Refreshing native plugins compatible for Editor in 0.77 ms, found 3 plugins.
Preloading 0 native plugins for Editor in 0.00 ms.
Mono: successfully reloaded assembly
- Completed reload, in  2.047 seconds
Domain Reload Profiling:
	ReloadAssembly (2047ms)
		BeginReloadAssembly (285ms)
			ExecutionOrderSort (0ms)
			DisableScriptedObjects (15ms)
			BackupInstance (0ms)
			ReleaseScriptingObjects (0ms)
			CreateAndSetChildDomain (160ms)
		EndReloadAssembly (1668ms)
			LoadAssemblies (125ms)
			RebuildTransferFunctionScriptingTraits (0ms)
			SetupTypeCache (685ms)
			ReleaseScriptCaches (1ms)
			RebuildScriptCaches (72ms)
			SetupLoadedEditorAssemblies (619ms)
				LogAssemblyErrors (0ms)
				InitializePlatformSupportModulesInManaged (6ms)
				SetLoadedEditorAssemblies (1ms)
				RefreshPlugins (1ms)
				BeforeProcessingInitializeOnLoad (168ms)
				ProcessInitializeOnLoadAttributes (427ms)
				ProcessInitializeOnLoadMethodAttributes (13ms)
				AfterProcessingInitializeOnLoad (4ms)
				EditorAssembliesLoaded (0ms)
			ExecutionOrderSort2 (0ms)
			AwakeInstancesAfterBackupRestoration (20ms)
Platform modules already initialized, skipping
Refreshing native plugins compatible for Editor in 0.65 ms, found 3 plugins.
Preloading 0 native plugins for Editor in 0.00 ms.
Unloading 2277 Unused Serialized files (Serialized files now loaded: 0)
System memory in use before: 237.4 MB.
System memory in use after: 237.6 MB.

Unloading 17 unused Assets to reduce memory usage. Loaded Objects now: 2822.
Total: 3.943287 ms (FindLiveObjects: 0.272946 ms CreateObjectMapping: 0.118953 ms MarkObjects: 3.502797 ms  DeleteObjects: 0.047099 ms)

AssetImportParameters requested are different than current active one (requested -> active):
  custom:video-decoder-ogg-theora: a1e56fd34408186e4bbccfd4996cb3dc -> 
  custom:container-muxer-webm: aa71ff27fc2769a1b78a27578f13a17b -> 
  custom:container-demuxer-webm: 4f35f7cbe854078d1ac9338744f61a02 -> 
  custom:container-demuxer-ogg: 62fdf1f143b41e24485cea50d1cbac27 -> 
  custom:video-encoder-webm-vp8: eb34c28f22e8b96e1ab97ce403110664 -> 
  custom:framework-osx-AVFoundation: e770b220cccbd017edd2c1fefb359320 -> 
  custom:video-decoder-webm-vp8: 9c59270c3fd7afecdb556c50c9e8de78 -> 
  custom:audio-decoder-ogg-vorbis: bf7c407c2cedff20999df2af8eb42d56 -> 
  custom:audio-encoder-webm-vorbis: bf7c407c2cedff20999df2af8eb42d56 -> 
========================================================================
Received Prepare
Default GameObject BitMask: UI already registered
Registering precompiled user dll's ...
Registered in 0.003964 seconds.
Begin MonoManager ReloadAssembly
Native extension for OSXStandalone target not found
Refreshing native plugins compatible for Editor in 0.83 ms, found 3 plugins.
Preloading 0 native plugins for Editor in 0.00 ms.
Mono: successfully reloaded assembly
- Completed reload, in  1.681 seconds
Domain Reload Profiling:
	ReloadAssembly (1681ms)
		BeginReloadAssembly (164ms)
			ExecutionOrderSort (0ms)
			DisableScriptedObjects (20ms)
			BackupInstance (0ms)
			ReleaseScriptingObjects (0ms)
			CreateAndSetChildDomain (80ms)
		EndReloadAssembly (1441ms)
			LoadAssemblies (89ms)
			RebuildTransferFunctionScriptingTraits (0ms)
			SetupTypeCache (553ms)
			ReleaseScriptCaches (1ms)
			RebuildScriptCaches (82ms)
			SetupLoadedEditorAssemblies (522ms)
				LogAssemblyErrors (0ms)
				InitializePlatformSupportModulesInManaged (6ms)
				SetLoadedEditorAssemblies (1ms)
				RefreshPlugins (1ms)
				BeforeProcessingInitializeOnLoad (171ms)
				ProcessInitializeOnLoadAttributes (334ms)
				ProcessInitializeOnLoadMethodAttributes (7ms)
				AfterProcessingInitializeOnLoad (2ms)
				EditorAssembliesLoaded (0ms)
			ExecutionOrderSort2 (0ms)
			AwakeInstancesAfterBackupRestoration (18ms)
Platform modules already initialized, skipping
Refreshing native plugins compatible for Editor in 0.61 ms, found 3 plugins.
Preloading 0 native plugins for Editor in 0.00 ms.
Unloading 2277 Unused Serialized files (Serialized files now loaded: 0)
System memory in use before: 237.6 MB.
System memory in use after: 237.8 MB.

Unloading 17 unused Assets to reduce memory usage. Loaded Objects now: 2825.
Total: 5.874667 ms (FindLiveObjects: 0.332771 ms CreateObjectMapping: 0.213581 ms MarkObjects: 5.299605 ms  DeleteObjects: 0.027327 ms)

AssetImportParameters requested are different than current active one (requested -> active):
  custom:video-decoder-ogg-theora: a1e56fd34408186e4bbccfd4996cb3dc -> 
  custom:container-muxer-webm: aa71ff27fc2769a1b78a27578f13a17b -> 
  custom:container-demuxer-webm: 4f35f7cbe854078d1ac9338744f61a02 -> 
  custom:container-demuxer-ogg: 62fdf1f143b41e24485cea50d1cbac27 -> 
  custom:video-encoder-webm-vp8: eb34c28f22e8b96e1ab97ce403110664 -> 
  custom:framework-osx-AVFoundation: e770b220cccbd017edd2c1fefb359320 -> 
  custom:video-decoder-webm-vp8: 9c59270c3fd7afecdb556c50c9e8de78 -> 
  custom:audio-decoder-ogg-vorbis: bf7c407c2cedff20999df2af8eb42d56 -> 
  custom:audio-encoder-webm-vorbis: bf7c407c2cedff20999df2af8eb42d56 -> 
========================================================================
Received Import Request.
  Time since last request: 91.065494 seconds.
  path: Assets/Prefabs/Bartender.prefab
  artifactKey: Guid(f6125eeed00522644a302c6c1a52ccc6) Importer(815301076,1909f56bfc062723c751e8b465ee728b)
Start importing Assets/Prefabs/Bartender.prefab using Guid(f6125eeed00522644a302c6c1a52ccc6) Importer(815301076,1909f56bfc062723c751e8b465ee728b)  -> (artifact id: 'ef402da163922873074ed76d65cfe4cf') in 0.129692 seconds 
  Import took 0.135036 seconds .

========================================================================
Received Prepare
Default GameObject BitMask: UI already registered
Registering precompiled user dll's ...
Registered in 0.005381 seconds.
Begin MonoManager ReloadAssembly
Native extension for OSXStandalone target not found
Refreshing native plugins compatible for Editor in 0.60 ms, found 3 plugins.
Preloading 0 native plugins for Editor in 0.00 ms.
Mono: successfully reloaded assembly
- Completed reload, in  1.682 seconds
Domain Reload Profiling:
	ReloadAssembly (1682ms)
		BeginReloadAssembly (170ms)
			ExecutionOrderSort (0ms)
			DisableScriptedObjects (7ms)
			BackupInstance (0ms)
			ReleaseScriptingObjects (0ms)
			CreateAndSetChildDomain (87ms)
		EndReloadAssembly (1402ms)
			LoadAssemblies (120ms)
			RebuildTransferFunctionScriptingTraits (0ms)
			SetupTypeCache (514ms)
			ReleaseScriptCaches (1ms)
			RebuildScriptCaches (79ms)
			SetupLoadedEditorAssemblies (510ms)
				LogAssemblyErrors (0ms)
				InitializePlatformSupportModulesInManaged (7ms)
				SetLoadedEditorAssemblies (1ms)
				RefreshPlugins (1ms)
				BeforeProcessingInitializeOnLoad (169ms)
				ProcessInitializeOnLoadAttributes (322ms)
				ProcessInitializeOnLoadMethodAttributes (9ms)
				AfterProcessingInitializeOnLoad (2ms)
				EditorAssembliesLoaded (0ms)
			ExecutionOrderSort2 (0ms)
			AwakeInstancesAfterBackupRestoration (16ms)
Platform modules already initialized, skipping
Refreshing native plugins compatible for Editor in 0.67 ms, found 3 plugins.
Preloading 0 native plugins for Editor in 0.00 ms.
Unloading 2277 Unused Serialized files (Serialized files now loaded: 0)
System memory in use before: 237.7 MB.
System memory in use after: 237.9 MB.

Unloading 17 unused Assets to reduce memory usage. Loaded Objects now: 2829.
Total: 5.050971 ms (FindLiveObjects: 0.371810 ms CreateObjectMapping: 0.142455 ms MarkObjects: 4.510279 ms  DeleteObjects: 0.024398 ms)

AssetImportParameters requested are different than current active one (requested -> active):
  custom:video-decoder-ogg-theora: a1e56fd34408186e4bbccfd4996cb3dc -> 
  custom:container-muxer-webm: aa71ff27fc2769a1b78a27578f13a17b -> 
  custom:container-demuxer-webm: 4f35f7cbe854078d1ac9338744f61a02 -> 
  custom:container-demuxer-ogg: 62fdf1f143b41e24485cea50d1cbac27 -> 
  custom:video-encoder-webm-vp8: eb34c28f22e8b96e1ab97ce403110664 -> 
  custom:framework-osx-AVFoundation: e770b220cccbd017edd2c1fefb359320 -> 
  custom:video-decoder-webm-vp8: 9c59270c3fd7afecdb556c50c9e8de78 -> 
  custom:audio-decoder-ogg-vorbis: bf7c407c2cedff20999df2af8eb42d56 -> 
  custom:audio-encoder-webm-vorbis: bf7c407c2cedff20999df2af8eb42d56 -> 
